<?xml version="1.0" encoding="UTF-8"?>
<testsuite name="com.dnebinger.postal4j.LibPostalTest" tests="13" skipped="0" failures="1" errors="0" timestamp="2026-01-28T18:47:48.011Z" hostname="butthead" time="3.434">
  <properties/>
  <testcase name="testSetupWithoutDataDir_expectFailure()" classname="com.dnebinger.postal4j.LibPostalTest" time="3.382">
    <failure message="org.opentest4j.AssertionFailedError: Expected java.lang.RuntimeException to be thrown, but nothing was thrown." type="org.opentest4j.AssertionFailedError">org.opentest4j.AssertionFailedError: Expected java.lang.RuntimeException to be thrown, but nothing was thrown.
	at app//org.junit.jupiter.api.AssertionFailureBuilder.build(AssertionFailureBuilder.java:152)
	at app//org.junit.jupiter.api.AssertThrows.assertThrows(AssertThrows.java:73)
	at app//org.junit.jupiter.api.AssertThrows.assertThrows(AssertThrows.java:35)
	at app//org.junit.jupiter.api.Assertions.assertThrows(Assertions.java:3111)
	at app//com.dnebinger.postal4j.LibPostalTest.testSetupWithoutDataDir_expectFailure(LibPostalTest.java:22)
	at java.base@17.0.11/java.lang.reflect.Method.invoke(Method.java:568)
	at java.base@17.0.11/java.util.ArrayList.forEach(ArrayList.java:1511)
	at java.base@17.0.11/java.util.ArrayList.forEach(ArrayList.java:1511)
</failure>
  </testcase>
  <testcase name="testSetupWithDataDir()" classname="com.dnebinger.postal4j.LibPostalTest" time="0.001"/>
  <testcase name="testParseAddressSimple()" classname="com.dnebinger.postal4j.LibPostalTest" time="0.002"/>
  <testcase name="testParseAddressWithLanguageAndCountry()" classname="com.dnebinger.postal4j.LibPostalTest" time="0.001"/>
  <testcase name="testParseAddressInternational()" classname="com.dnebinger.postal4j.LibPostalTest" time="0.001"/>
  <testcase name="testExpandAddressSimple()" classname="com.dnebinger.postal4j.LibPostalTest" time="0.001"/>
  <testcase name="testExpandAddressWithOptions()" classname="com.dnebinger.postal4j.LibPostalTest" time="0.001"/>
  <testcase name="testExpandAddressWithAbbreviation()" classname="com.dnebinger.postal4j.LibPostalTest" time="0.001"/>
  <testcase name="testExpandRootAddressSimple()" classname="com.dnebinger.postal4j.LibPostalTest" time="0.001"/>
  <testcase name="testExpandRootAddressWithOptions()" classname="com.dnebinger.postal4j.LibPostalTest" time="0.001"/>
  <testcase name="testParseAddressEmptyString()" classname="com.dnebinger.postal4j.LibPostalTest" time="0.0"/>
  <testcase name="testExpandAddressEmptyString()" classname="com.dnebinger.postal4j.LibPostalTest" time="0.002"/>
  <testcase name="testTeardown()" classname="com.dnebinger.postal4j.LibPostalTest" time="0.04"/>
  <system-out><![CDATA[Parsed address components:
  road: main street
  city: springfield
  postcode: 62701
  house_number: 123
  state: il
Parsed address components (with language/country):
  road: main street
  city: springfield
  postcode: 62701
  house_number: 123
  state: il
Parsed German address:
  country: germany
  road: unter den linden
  city: berlin
  postcode: 10117
  house_number: 77
Address expansions for '123 Main St':
  123 main saint
  123 main street
Address expansions with options for '123 Main St':
  123 main saint
  123 main street
Address expansions for '123 E 45th St Apt 6B':
  123 east 45th saint apt 6b
  123 east 45th saint apartment 6b
  123 east 45th street apt 6b
  123 east 45th street apartment 6b
  123 e 45th saint apt 6b
  123 e 45th saint apartment 6b
  123 e 45th street apt 6b
  123 e 45th street apartment 6b
  123 east 45th saint apt 6 b
  123 east 45th saint apartment 6 b
  123 east 45th street apt 6 b
  123 east 45th street apartment 6 b
  123 e 45th saint apt 6 b
  123 e 45th saint apartment 6 b
  123 e 45th street apt 6 b
  123 e 45th street apartment 6 b
  123 east 45 saint apt 6b
  123 east 45 saint apartment 6b
  123 east 45 street apt 6b
  123 east 45 street apartment 6b
  123 e 45 saint apt 6b
  123 e 45 saint apartment 6b
  123 e 45 street apt 6b
  123 e 45 street apartment 6b
  123 east 45 saint apt 6 b
  123 east 45 saint apartment 6 b
  123 east 45 street apt 6 b
  123 east 45 street apartment 6 b
  123 e 45 saint apt 6 b
  123 e 45 saint apartment 6 b
  123 e 45 street apt 6 b
  123 e 45 street apartment 6 b
Root address expansions for '123 Main St':
  123 main
Root address expansions with options for '123 Main St':
  123 main
Parsed empty address: {}
Expansions for empty string: 0 results
]]></system-out>
  <system-err><![CDATA[]]></system-err>
</testsuite>
